Build started 2022-02-07 9:34:09 PM.
     1>Project "C:\Users\rgong2\lab4\OPT_MatMul\OPT_MatMul\OPT_MatMul.vcxproj" on node 2 (Build target(s)).
     1>CudaBuild:
         Compiling CUDA source file kernel.cu...
         cmd.exe /C "C:\Users\rgong2\AppData\Local\Temp\tmp9aba4dfa9e5d4451b1ec049cd3120431.cmd"
         "C:\Program Files\NVIDIA GPU Computing Toolkit\CUDA\v7.5\bin\nvcc.exe" -gencode=arch=compute_20,code=\"sm_20,compute_20\" --use-local-env --cl-version 2013 -ccbin "C:\Program Files (x86)\Microsoft Visual Studio 12.0\VC\bin\x86_amd64"  -I"C:\Program Files\NVIDIA GPU Computing Toolkit\CUDA\v7.5\include" -I"C:\Program Files\NVIDIA GPU Computing Toolkit\CUDA\v7.5\include"     --keep-dir x64\Release -maxrregcount=0  --machine 64 --compile -cudart static     -DWIN32 -DWIN64 -DNDEBUG -D_CONSOLE -D_MBCS -Xcompiler "/EHsc /W3 /nologo /O2 /Zi  /MD " -o x64\Release\kernel.cu.obj "C:\Users\rgong2\lab4\OPT_MatMul\OPT_MatMul\kernel.cu"
         
         C:\Users\rgong2\lab4\OPT_MatMul\OPT_MatMul>"C:\Program Files\NVIDIA GPU Computing Toolkit\CUDA\v7.5\bin\nvcc.exe" -gencode=arch=compute_20,code=\"sm_20,compute_20\" --use-local-env --cl-version 2013 -ccbin "C:\Program Files (x86)\Microsoft Visual Studio 12.0\VC\bin\x86_amd64"  -I"C:\Program Files\NVIDIA GPU Computing Toolkit\CUDA\v7.5\include" -I"C:\Program Files\NVIDIA GPU Computing Toolkit\CUDA\v7.5\include"     --keep-dir x64\Release -maxrregcount=0  --machine 64 --compile -cudart static     -DWIN32 -DWIN64 -DNDEBUG -D_CONSOLE -D_MBCS -Xcompiler "/EHsc /W3 /nologo /O2 /Zi  /MD " -o x64\Release\kernel.cu.obj "C:\Users\rgong2\lab4\OPT_MatMul\OPT_MatMul\kernel.cu" 
     1>C:/Users/rgong2/lab4/OPT_MatMul/OPT_MatMul/kernel.cu(77): error : expected an expression
     1>C:/Users/rgong2/lab4/OPT_MatMul/OPT_MatMul/kernel.cu(77): error : this operator is not allowed in a constant expression
     1>C:/Users/rgong2/lab4/OPT_MatMul/OPT_MatMul/kernel.cu(77): error : expected an expression
     1>C:/Users/rgong2/lab4/OPT_MatMul/OPT_MatMul/kernel.cu(77): error : this operator is not allowed in a constant expression
     1>C:/Users/rgong2/lab4/OPT_MatMul/OPT_MatMul/kernel.cu(78): error : expected an expression
     1>C:/Users/rgong2/lab4/OPT_MatMul/OPT_MatMul/kernel.cu(78): error : this operator is not allowed in a constant expression
     1>C:/Users/rgong2/lab4/OPT_MatMul/OPT_MatMul/kernel.cu(78): error : expected an expression
     1>C:/Users/rgong2/lab4/OPT_MatMul/OPT_MatMul/kernel.cu(78): error : this operator is not allowed in a constant expression
     1>C:/Users/rgong2/lab4/OPT_MatMul/OPT_MatMul/kernel.cu(85): error : expected an expression
     1>C:/Users/rgong2/lab4/OPT_MatMul/OPT_MatMul/kernel.cu(86): error : expected an expression
     1>C:/Users/rgong2/lab4/OPT_MatMul/OPT_MatMul/kernel.cu(90): error : expected an expression
     1>C:/Users/rgong2/lab4/OPT_MatMul/OPT_MatMul/kernel.cu(92): error : expected an expression
     1>C:/Users/rgong2/lab4/OPT_MatMul/OPT_MatMul/kernel.cu(94): error : expected an expression
     1>C:/Users/rgong2/lab4/OPT_MatMul/OPT_MatMul/kernel.cu(101): error : expected an expression
     1>C:/Users/rgong2/lab4/OPT_MatMul/OPT_MatMul/kernel.cu(103): error : expected an expression
     1>C:/Users/rgong2/lab4/OPT_MatMul/OPT_MatMul/kernel.cu(112): error : expected an expression
     1>C:/Users/rgong2/lab4/OPT_MatMul/OPT_MatMul/kernel.cu(114): error : expression must have pointer-to-object type
     1>C:/Users/rgong2/lab4/OPT_MatMul/OPT_MatMul/kernel.cu(82): warning : variable "bx" was declared but never referenced
     1>C:/Users/rgong2/lab4/OPT_MatMul/OPT_MatMul/kernel.cu(83): warning : variable "by" was declared but never referenced
     1>C:/Users/rgong2/lab4/OPT_MatMul/OPT_MatMul/kernel.cu(220): error : expected an expression
     1>C:/Users/rgong2/lab4/OPT_MatMul/OPT_MatMul/kernel.cu(220): error : expected an expression
     1>C:/Users/rgong2/lab4/OPT_MatMul/OPT_MatMul/kernel.cu(221): error : expected an expression
     1>C:/Users/rgong2/lab4/OPT_MatMul/OPT_MatMul/kernel.cu(221): error : expected an expression
     1>C:/Users/rgong2/lab4/OPT_MatMul/OPT_MatMul/kernel.cu(227): error : identifier "matrixMultiply" is undefined
     1>C:/Users/rgong2/lab4/OPT_MatMul/OPT_MatMul/kernel.cu(227): error : expected an expression
         kernel.cu
     1>C:\Program Files (x86)\MSBuild\Microsoft.Cpp\v4.0\V120\BuildCustomizations\CUDA 7.5.targets(604,9): error MSB3721: The command ""C:\Program Files\NVIDIA GPU Computing Toolkit\CUDA\v7.5\bin\nvcc.exe" -gencode=arch=compute_20,code=\"sm_20,compute_20\" --use-local-env --cl-version 2013 -ccbin "C:\Program Files (x86)\Microsoft Visual Studio 12.0\VC\bin\x86_amd64"  -I"C:\Program Files\NVIDIA GPU Computing Toolkit\CUDA\v7.5\include" -I"C:\Program Files\NVIDIA GPU Computing Toolkit\CUDA\v7.5\include"     --keep-dir x64\Release -maxrregcount=0  --machine 64 --compile -cudart static     -DWIN32 -DWIN64 -DNDEBUG -D_CONSOLE -D_MBCS -Xcompiler "/EHsc /W3 /nologo /O2 /Zi  /MD " -o x64\Release\kernel.cu.obj "C:\Users\rgong2\lab4\OPT_MatMul\OPT_MatMul\kernel.cu"" exited with code 2.
     1>Done Building Project "C:\Users\rgong2\lab4\OPT_MatMul\OPT_MatMul\OPT_MatMul.vcxproj" (Build target(s)) -- FAILED.

Build FAILED.

Time Elapsed 00:00:01.89
